[11:38:57:283] [INFO] - com.alibaba.nacos.client.env.SearchableProperties.sortPropertySourceDefaultOrder(SearchableProperties.java:197) - properties search order:PROPERTIES->JVM->ENV->DEFAULT_SETTING
[11:38:57:392] [INFO] - org.springframework.boot.StartupInfoLogger.logStarting(StartupInfoLogger.java:51) - Starting UserApplication using Java 17.0.5 with PID 5236 (C:\Users\xin\Desktop\jcx\petHospital\user\target\classes started by xin in C:\Users\xin\Desktop\jcx\petHospital)
[11:38:57:396] [INFO] - org.springframework.boot.SpringApplication.logStartupProfileInfo(SpringApplication.java:630) - No active profile set, falling back to 1 default profile: "default"
[11:38:57:452] [INFO] - org.springframework.boot.logging.DeferredLog.logTo(DeferredLog.java:250) - Devtools property defaults active! Set 'spring.devtools.add-properties' to 'false' to disable
[11:38:57:453] [INFO] - org.springframework.boot.logging.DeferredLog.logTo(DeferredLog.java:250) - For additional web related logging consider setting the 'logging.level.web' property to 'DEBUG'
[11:38:58:190] [INFO] - org.springframework.data.repository.config.RepositoryConfigurationDelegate.multipleStoresDetected(RepositoryConfigurationDelegate.java:291) - Multiple Spring Data modules found, entering strict repository configuration mode
[11:38:58:193] [INFO] - org.springframework.data.repository.config.RepositoryConfigurationDelegate.registerRepositoriesIn(RepositoryConfigurationDelegate.java:138) - Bootstrapping Spring Data Redis repositories in DEFAULT mode.
[11:38:58:226] [INFO] - org.springframework.data.repository.config.RepositoryConfigurationDelegate.registerRepositoriesIn(RepositoryConfigurationDelegate.java:208) - Finished Spring Data repository scanning in 7 ms. Found 0 Redis repository interfaces.
[11:38:58:434] [INFO] - org.springframework.cloud.context.scope.GenericScope.setSerializationId(GenericScope.java:282) - BeanFactory id=ae982743-0b80-3225-bccc-89d070f4f13a
[11:38:59:022] [INFO] - org.springframework.boot.web.embedded.tomcat.TomcatWebServer.initialize(TomcatWebServer.java:108) - Tomcat initialized with port(s): 8080 (http)
[11:38:59:032] [INFO] - org.apache.juli.logging.DirectJDKLog.log(DirectJDKLog.java:173) - Initializing ProtocolHandler ["http-nio-8080"]
[11:38:59:034] [INFO] - org.apache.juli.logging.DirectJDKLog.log(DirectJDKLog.java:173) - Starting service [Tomcat]
[11:38:59:035] [INFO] - org.apache.juli.logging.DirectJDKLog.log(DirectJDKLog.java:173) - Starting Servlet engine: [Apache Tomcat/10.1.5]
[11:38:59:115] [INFO] - org.apache.juli.logging.DirectJDKLog.log(DirectJDKLog.java:173) - Initializing Spring embedded WebApplicationContext
[11:38:59:115] [INFO] - org.springframework.boot.web.servlet.context.ServletWebServerApplicationContext.prepareWebApplicationContext(ServletWebServerApplicationContext.java:291) - Root WebApplicationContext: initialization completed in 1662 ms
[11:39:00:623] [INFO] - org.springframework.boot.devtools.autoconfigure.OptionalLiveReloadServer.startServer(OptionalLiveReloadServer.java:59) - LiveReload server is running on port 35729
[11:39:00:777] [INFO] - org.apache.juli.logging.DirectJDKLog.log(DirectJDKLog.java:173) - Starting ProtocolHandler ["http-nio-8080"]
[11:39:00:797] [INFO] - org.springframework.boot.web.embedded.tomcat.TomcatWebServer.start(TomcatWebServer.java:220) - Tomcat started on port(s): 8080 (http) with context path ''
[11:39:00:857] [INFO] - com.alibaba.nacos.plugin.auth.spi.client.ClientAuthPluginManager.init(ClientAuthPluginManager.java:56) - [ClientAuthPluginManager] Load ClientAuthService com.alibaba.nacos.client.auth.impl.NacosClientAuthServiceImpl success.
[11:39:00:857] [INFO] - com.alibaba.nacos.plugin.auth.spi.client.ClientAuthPluginManager.init(ClientAuthPluginManager.java:56) - [ClientAuthPluginManager] Load ClientAuthService com.alibaba.nacos.client.auth.ram.RamClientAuthServiceImpl success.
[11:39:01:965] [INFO] - com.alibaba.cloud.nacos.registry.NacosServiceRegistry.register(NacosServiceRegistry.java:76) - nacos registry, DEFAULT_GROUP user_service 192.168.0.107:8080 register finished
[11:39:02:071] [INFO] - org.springframework.boot.StartupInfoLogger.logStarted(StartupInfoLogger.java:57) - Started UserApplication in 5.35 seconds (process running for 6.739)
[11:40:15:675] [WARN] - com.alibaba.nacos.common.http.HttpClientBeanHolder.shutdown(HttpClientBeanHolder.java:102) - [HttpClientBeanHolder] Start destroying common HttpClient
[11:40:15:675] [WARN] - com.alibaba.nacos.common.notify.NotifyCenter.shutdown(NotifyCenter.java:136) - [NotifyCenter] Start destroying Publisher
[11:40:15:675] [WARN] - com.alibaba.nacos.common.notify.NotifyCenter.shutdown(NotifyCenter.java:153) - [NotifyCenter] Destruction of the end
[11:40:15:675] [WARN] - com.alibaba.nacos.common.http.HttpClientBeanHolder.shutdown(HttpClientBeanHolder.java:111) - [HttpClientBeanHolder] Destruction of the end
[11:40:15:705] [INFO] - com.alibaba.cloud.nacos.registry.NacosServiceRegistry.deregister(NacosServiceRegistry.java:95) - De-registering from Nacos Server now...
[11:40:15:745] [INFO] - com.alibaba.cloud.nacos.registry.NacosServiceRegistry.deregister(NacosServiceRegistry.java:115) - De-registration finished.
[11:40:19:640] [INFO] - com.alibaba.nacos.client.env.SearchableProperties.sortPropertySourceDefaultOrder(SearchableProperties.java:197) - properties search order:PROPERTIES->JVM->ENV->DEFAULT_SETTING
[11:40:19:741] [INFO] - org.springframework.boot.StartupInfoLogger.logStarting(StartupInfoLogger.java:51) - Starting UserApplication using Java 17.0.5 with PID 18632 (C:\Users\xin\Desktop\jcx\petHospital\user\target\classes started by xin in C:\Users\xin\Desktop\jcx\petHospital)
[11:40:19:745] [INFO] - org.springframework.boot.SpringApplication.logStartupProfileInfo(SpringApplication.java:630) - No active profile set, falling back to 1 default profile: "default"
[11:40:19:806] [INFO] - org.springframework.boot.logging.DeferredLog.logTo(DeferredLog.java:250) - Devtools property defaults active! Set 'spring.devtools.add-properties' to 'false' to disable
[11:40:19:807] [INFO] - org.springframework.boot.logging.DeferredLog.logTo(DeferredLog.java:250) - For additional web related logging consider setting the 'logging.level.web' property to 'DEBUG'
[11:40:20:565] [INFO] - org.springframework.data.repository.config.RepositoryConfigurationDelegate.multipleStoresDetected(RepositoryConfigurationDelegate.java:291) - Multiple Spring Data modules found, entering strict repository configuration mode
[11:40:20:567] [INFO] - org.springframework.data.repository.config.RepositoryConfigurationDelegate.registerRepositoriesIn(RepositoryConfigurationDelegate.java:138) - Bootstrapping Spring Data Redis repositories in DEFAULT mode.
[11:40:20:599] [INFO] - org.springframework.data.repository.config.RepositoryConfigurationDelegate.registerRepositoriesIn(RepositoryConfigurationDelegate.java:208) - Finished Spring Data repository scanning in 8 ms. Found 0 Redis repository interfaces.
[11:40:20:806] [INFO] - org.springframework.cloud.context.scope.GenericScope.setSerializationId(GenericScope.java:282) - BeanFactory id=ae982743-0b80-3225-bccc-89d070f4f13a
[11:40:21:431] [INFO] - org.springframework.boot.web.embedded.tomcat.TomcatWebServer.initialize(TomcatWebServer.java:108) - Tomcat initialized with port(s): 8080 (http)
[11:40:21:443] [INFO] - org.apache.juli.logging.DirectJDKLog.log(DirectJDKLog.java:173) - Initializing ProtocolHandler ["http-nio-8080"]
[11:40:21:446] [INFO] - org.apache.juli.logging.DirectJDKLog.log(DirectJDKLog.java:173) - Starting service [Tomcat]
[11:40:21:447] [INFO] - org.apache.juli.logging.DirectJDKLog.log(DirectJDKLog.java:173) - Starting Servlet engine: [Apache Tomcat/10.1.5]
[11:40:21:532] [INFO] - org.apache.juli.logging.DirectJDKLog.log(DirectJDKLog.java:173) - Initializing Spring embedded WebApplicationContext
[11:40:21:533] [INFO] - org.springframework.boot.web.servlet.context.ServletWebServerApplicationContext.prepareWebApplicationContext(ServletWebServerApplicationContext.java:291) - Root WebApplicationContext: initialization completed in 1724 ms
[11:40:22:958] [INFO] - org.springframework.boot.devtools.autoconfigure.OptionalLiveReloadServer.startServer(OptionalLiveReloadServer.java:59) - LiveReload server is running on port 35729
[11:40:23:118] [INFO] - org.apache.juli.logging.DirectJDKLog.log(DirectJDKLog.java:173) - Starting ProtocolHandler ["http-nio-8080"]
[11:40:23:134] [INFO] - org.springframework.boot.web.embedded.tomcat.TomcatWebServer.start(TomcatWebServer.java:220) - Tomcat started on port(s): 8080 (http) with context path ''
[11:40:23:185] [INFO] - com.alibaba.nacos.plugin.auth.spi.client.ClientAuthPluginManager.init(ClientAuthPluginManager.java:56) - [ClientAuthPluginManager] Load ClientAuthService com.alibaba.nacos.client.auth.impl.NacosClientAuthServiceImpl success.
[11:40:23:185] [INFO] - com.alibaba.nacos.plugin.auth.spi.client.ClientAuthPluginManager.init(ClientAuthPluginManager.java:56) - [ClientAuthPluginManager] Load ClientAuthService com.alibaba.nacos.client.auth.ram.RamClientAuthServiceImpl success.
[11:40:24:161] [INFO] - com.alibaba.cloud.nacos.registry.NacosServiceRegistry.register(NacosServiceRegistry.java:76) - nacos registry, DEFAULT_GROUP user_service 192.168.0.107:8080 register finished
[11:40:24:264] [INFO] - org.springframework.boot.StartupInfoLogger.logStarted(StartupInfoLogger.java:57) - Started UserApplication in 5.091 seconds (process running for 6.13)
[11:41:13:100] [INFO] - org.apache.juli.logging.DirectJDKLog.log(DirectJDKLog.java:173) - Initializing Spring DispatcherServlet 'dispatcherServlet'
[11:41:13:100] [INFO] - org.springframework.web.servlet.FrameworkServlet.initServletBean(FrameworkServlet.java:532) - Initializing Servlet 'dispatcherServlet'
[11:41:13:101] [INFO] - org.springframework.web.servlet.FrameworkServlet.initServletBean(FrameworkServlet.java:554) - Completed initialization in 1 ms
[11:41:13:687] [INFO] - com.zaxxer.hikari.HikariDataSource.getConnection(HikariDataSource.java:110) - HikariPool-1 - Starting...
[11:41:13:980] [INFO] - com.zaxxer.hikari.pool.HikariPool.checkFailFast(HikariPool.java:565) - HikariPool-1 - Added connection com.p6spy.engine.wrapper.ConnectionWrapper@5fbbf997
[11:41:13:981] [INFO] - com.zaxxer.hikari.HikariDataSource.getConnection(HikariDataSource.java:123) - HikariPool-1 - Start completed.
[11:41:53:576] [WARN] - com.alibaba.nacos.common.notify.NotifyCenter.shutdown(NotifyCenter.java:136) - [NotifyCenter] Start destroying Publisher
[11:41:53:576] [WARN] - com.alibaba.nacos.common.http.HttpClientBeanHolder.shutdown(HttpClientBeanHolder.java:102) - [HttpClientBeanHolder] Start destroying common HttpClient
[11:41:53:576] [WARN] - com.alibaba.nacos.common.notify.NotifyCenter.shutdown(NotifyCenter.java:153) - [NotifyCenter] Destruction of the end
[11:41:53:576] [WARN] - com.alibaba.nacos.common.http.HttpClientBeanHolder.shutdown(HttpClientBeanHolder.java:111) - [HttpClientBeanHolder] Destruction of the end
[11:41:53:602] [INFO] - com.alibaba.cloud.nacos.registry.NacosServiceRegistry.deregister(NacosServiceRegistry.java:95) - De-registering from Nacos Server now...
[11:41:53:644] [INFO] - com.alibaba.cloud.nacos.registry.NacosServiceRegistry.deregister(NacosServiceRegistry.java:115) - De-registration finished.
[11:41:53:774] [INFO] - com.zaxxer.hikari.HikariDataSource.close(HikariDataSource.java:350) - HikariPool-1 - Shutdown initiated...
[11:41:53:782] [INFO] - com.zaxxer.hikari.HikariDataSource.close(HikariDataSource.java:352) - HikariPool-1 - Shutdown completed.
[13:47:40:088] [INFO] - com.alibaba.nacos.client.env.SearchableProperties.sortPropertySourceDefaultOrder(SearchableProperties.java:197) - properties search order:PROPERTIES->JVM->ENV->DEFAULT_SETTING
[13:47:40:176] [INFO] - org.springframework.boot.StartupInfoLogger.logStarting(StartupInfoLogger.java:51) - Starting UserApplication using Java 17.0.5 with PID 19012 (C:\Users\xin\Desktop\jcx\petHospital\user\target\classes started by xin in C:\Users\xin\Desktop\jcx\petHospital)
[13:47:40:181] [INFO] - org.springframework.boot.SpringApplication.logStartupProfileInfo(SpringApplication.java:630) - No active profile set, falling back to 1 default profile: "default"
[13:47:40:228] [INFO] - org.springframework.boot.logging.DeferredLog.logTo(DeferredLog.java:250) - Devtools property defaults active! Set 'spring.devtools.add-properties' to 'false' to disable
[13:47:40:228] [INFO] - org.springframework.boot.logging.DeferredLog.logTo(DeferredLog.java:250) - For additional web related logging consider setting the 'logging.level.web' property to 'DEBUG'
[13:47:40:754] [INFO] - org.springframework.data.repository.config.RepositoryConfigurationDelegate.multipleStoresDetected(RepositoryConfigurationDelegate.java:291) - Multiple Spring Data modules found, entering strict repository configuration mode
[13:47:40:756] [INFO] - org.springframework.data.repository.config.RepositoryConfigurationDelegate.registerRepositoriesIn(RepositoryConfigurationDelegate.java:138) - Bootstrapping Spring Data Redis repositories in DEFAULT mode.
[13:47:40:778] [INFO] - org.springframework.data.repository.config.RepositoryConfigurationDelegate.registerRepositoriesIn(RepositoryConfigurationDelegate.java:208) - Finished Spring Data repository scanning in 6 ms. Found 0 Redis repository interfaces.
[13:47:40:939] [INFO] - org.springframework.cloud.context.scope.GenericScope.setSerializationId(GenericScope.java:282) - BeanFactory id=ae982743-0b80-3225-bccc-89d070f4f13a
[13:47:41:392] [INFO] - org.springframework.boot.web.embedded.tomcat.TomcatWebServer.initialize(TomcatWebServer.java:108) - Tomcat initialized with port(s): 8080 (http)
[13:47:41:402] [INFO] - org.apache.juli.logging.DirectJDKLog.log(DirectJDKLog.java:173) - Initializing ProtocolHandler ["http-nio-8080"]
[13:47:41:404] [INFO] - org.apache.juli.logging.DirectJDKLog.log(DirectJDKLog.java:173) - Starting service [Tomcat]
[13:47:41:405] [INFO] - org.apache.juli.logging.DirectJDKLog.log(DirectJDKLog.java:173) - Starting Servlet engine: [Apache Tomcat/10.1.5]
[13:47:41:471] [INFO] - org.apache.juli.logging.DirectJDKLog.log(DirectJDKLog.java:173) - Initializing Spring embedded WebApplicationContext
[13:47:41:471] [INFO] - org.springframework.boot.web.servlet.context.ServletWebServerApplicationContext.prepareWebApplicationContext(ServletWebServerApplicationContext.java:291) - Root WebApplicationContext: initialization completed in 1242 ms
[13:47:42:642] [INFO] - org.springframework.boot.devtools.autoconfigure.OptionalLiveReloadServer.startServer(OptionalLiveReloadServer.java:59) - LiveReload server is running on port 35729
[13:47:42:774] [INFO] - org.apache.juli.logging.DirectJDKLog.log(DirectJDKLog.java:173) - Starting ProtocolHandler ["http-nio-8080"]
[13:47:42:788] [INFO] - org.springframework.boot.web.embedded.tomcat.TomcatWebServer.start(TomcatWebServer.java:220) - Tomcat started on port(s): 8080 (http) with context path ''
[13:47:42:841] [INFO] - com.alibaba.nacos.plugin.auth.spi.client.ClientAuthPluginManager.init(ClientAuthPluginManager.java:56) - [ClientAuthPluginManager] Load ClientAuthService com.alibaba.nacos.client.auth.impl.NacosClientAuthServiceImpl success.
[13:47:42:841] [INFO] - com.alibaba.nacos.plugin.auth.spi.client.ClientAuthPluginManager.init(ClientAuthPluginManager.java:56) - [ClientAuthPluginManager] Load ClientAuthService com.alibaba.nacos.client.auth.ram.RamClientAuthServiceImpl success.
[13:47:43:823] [INFO] - com.alibaba.cloud.nacos.registry.NacosServiceRegistry.register(NacosServiceRegistry.java:76) - nacos registry, DEFAULT_GROUP user_service 192.168.0.107:8080 register finished
[13:47:43:918] [INFO] - org.springframework.boot.StartupInfoLogger.logStarted(StartupInfoLogger.java:57) - Started UserApplication in 4.249 seconds (process running for 5.231)
[13:47:46:027] [WARN] - com.alibaba.nacos.common.http.HttpClientBeanHolder.shutdown(HttpClientBeanHolder.java:102) - [HttpClientBeanHolder] Start destroying common HttpClient
[13:47:46:027] [WARN] - com.alibaba.nacos.common.notify.NotifyCenter.shutdown(NotifyCenter.java:136) - [NotifyCenter] Start destroying Publisher
[13:47:46:027] [WARN] - com.alibaba.nacos.common.notify.NotifyCenter.shutdown(NotifyCenter.java:153) - [NotifyCenter] Destruction of the end
[13:47:46:029] [WARN] - com.alibaba.nacos.common.http.HttpClientBeanHolder.shutdown(HttpClientBeanHolder.java:111) - [HttpClientBeanHolder] Destruction of the end
[13:47:46:054] [INFO] - com.alibaba.cloud.nacos.registry.NacosServiceRegistry.deregister(NacosServiceRegistry.java:95) - De-registering from Nacos Server now...
[13:47:46:097] [INFO] - com.alibaba.cloud.nacos.registry.NacosServiceRegistry.deregister(NacosServiceRegistry.java:115) - De-registration finished.
[17:30:24:060] [INFO] - com.alibaba.nacos.client.env.SearchableProperties.sortPropertySourceDefaultOrder(SearchableProperties.java:197) - properties search order:PROPERTIES->JVM->ENV->DEFAULT_SETTING
[17:30:24:169] [INFO] - org.springframework.boot.StartupInfoLogger.logStarting(StartupInfoLogger.java:51) - Starting UserApplication using Java 17.0.5 with PID 21796 (C:\Users\xin\Desktop\jcx\petHospital\user\target\classes started by xin in C:\Users\xin\Desktop\jcx\petHospital)
[17:30:24:173] [INFO] - org.springframework.boot.SpringApplication.logStartupProfileInfo(SpringApplication.java:630) - No active profile set, falling back to 1 default profile: "default"
[17:30:24:230] [INFO] - org.springframework.boot.logging.DeferredLog.logTo(DeferredLog.java:250) - Devtools property defaults active! Set 'spring.devtools.add-properties' to 'false' to disable
[17:30:24:230] [INFO] - org.springframework.boot.logging.DeferredLog.logTo(DeferredLog.java:250) - For additional web related logging consider setting the 'logging.level.web' property to 'DEBUG'
[17:30:58:707] [INFO] - com.alibaba.nacos.client.env.SearchableProperties.sortPropertySourceDefaultOrder(SearchableProperties.java:197) - properties search order:PROPERTIES->JVM->ENV->DEFAULT_SETTING
[17:30:58:820] [INFO] - org.springframework.boot.StartupInfoLogger.logStarting(StartupInfoLogger.java:51) - Starting UserApplication using Java 17.0.5 with PID 17636 (C:\Users\xin\Desktop\jcx\petHospital\user\target\classes started by xin in C:\Users\xin\Desktop\jcx\petHospital)
[17:30:58:823] [INFO] - org.springframework.boot.SpringApplication.logStartupProfileInfo(SpringApplication.java:630) - No active profile set, falling back to 1 default profile: "default"
[17:30:58:873] [INFO] - org.springframework.boot.logging.DeferredLog.logTo(DeferredLog.java:250) - Devtools property defaults active! Set 'spring.devtools.add-properties' to 'false' to disable
[17:30:58:874] [INFO] - org.springframework.boot.logging.DeferredLog.logTo(DeferredLog.java:250) - For additional web related logging consider setting the 'logging.level.web' property to 'DEBUG'
[17:33:58:029] [INFO] - com.alibaba.nacos.client.env.SearchableProperties.sortPropertySourceDefaultOrder(SearchableProperties.java:197) - properties search order:PROPERTIES->JVM->ENV->DEFAULT_SETTING
[17:33:58:144] [INFO] - org.springframework.boot.StartupInfoLogger.logStarting(StartupInfoLogger.java:51) - Starting UserApplication using Java 17.0.5 with PID 1464 (C:\Users\xin\Desktop\jcx\petHospital\user\target\classes started by xin in C:\Users\xin\Desktop\jcx\petHospital)
[17:33:58:149] [INFO] - org.springframework.boot.SpringApplication.logStartupProfileInfo(SpringApplication.java:630) - No active profile set, falling back to 1 default profile: "default"
[17:33:58:214] [INFO] - org.springframework.boot.logging.DeferredLog.logTo(DeferredLog.java:250) - Devtools property defaults active! Set 'spring.devtools.add-properties' to 'false' to disable
[17:33:58:215] [INFO] - org.springframework.boot.logging.DeferredLog.logTo(DeferredLog.java:250) - For additional web related logging consider setting the 'logging.level.web' property to 'DEBUG'
[17:35:38:006] [INFO] - com.alibaba.nacos.client.env.SearchableProperties.sortPropertySourceDefaultOrder(SearchableProperties.java:197) - properties search order:PROPERTIES->JVM->ENV->DEFAULT_SETTING
[17:35:38:118] [INFO] - org.springframework.boot.StartupInfoLogger.logStarting(StartupInfoLogger.java:51) - Starting UserApplication using Java 17.0.5 with PID 22056 (C:\Users\xin\Desktop\jcx\petHospital\user\target\classes started by xin in C:\Users\xin\Desktop\jcx\petHospital)
[17:35:38:122] [INFO] - org.springframework.boot.SpringApplication.logStartupProfileInfo(SpringApplication.java:630) - No active profile set, falling back to 1 default profile: "default"
[17:35:38:180] [INFO] - org.springframework.boot.logging.DeferredLog.logTo(DeferredLog.java:250) - Devtools property defaults active! Set 'spring.devtools.add-properties' to 'false' to disable
[17:35:38:180] [INFO] - org.springframework.boot.logging.DeferredLog.logTo(DeferredLog.java:250) - For additional web related logging consider setting the 'logging.level.web' property to 'DEBUG'
[17:35:38:869] [INFO] - org.springframework.data.repository.config.RepositoryConfigurationDelegate.multipleStoresDetected(RepositoryConfigurationDelegate.java:291) - Multiple Spring Data modules found, entering strict repository configuration mode
[17:35:38:871] [INFO] - org.springframework.data.repository.config.RepositoryConfigurationDelegate.registerRepositoriesIn(RepositoryConfigurationDelegate.java:138) - Bootstrapping Spring Data Redis repositories in DEFAULT mode.
[17:35:38:910] [INFO] - org.springframework.data.repository.config.RepositoryConfigurationDelegate.registerRepositoriesIn(RepositoryConfigurationDelegate.java:208) - Finished Spring Data repository scanning in 7 ms. Found 0 Redis repository interfaces.
[17:35:39:110] [INFO] - org.springframework.cloud.context.scope.GenericScope.setSerializationId(GenericScope.java:282) - BeanFactory id=62f919f2-2ba8-3753-b2b4-5fd10f6787bd
[17:35:39:172] [INFO] - org.springframework.context.support.PostProcessorRegistrationDelegate$BeanPostProcessorChecker.postProcessAfterInitialization(PostProcessorRegistrationDelegate.java:409) - Bean 'cn.jingchenxi.user.client.sensitiveWordFilterClient' of type [org.springframework.cloud.openfeign.FeignClientFactoryBean] is not eligible for getting processed by all BeanPostProcessors (for example: not eligible for auto-proxying)
[17:35:39:174] [INFO] - org.springframework.context.support.PostProcessorRegistrationDelegate$BeanPostProcessorChecker.postProcessAfterInitialization(PostProcessorRegistrationDelegate.java:409) - Bean 'cn.jingchenxi.user.client.SMSClint' of type [org.springframework.cloud.openfeign.FeignClientFactoryBean] is not eligible for getting processed by all BeanPostProcessors (for example: not eligible for auto-proxying)
[17:35:39:754] [INFO] - org.springframework.boot.web.embedded.tomcat.TomcatWebServer.initialize(TomcatWebServer.java:108) - Tomcat initialized with port(s): 8080 (http)
[17:35:39:764] [INFO] - org.apache.juli.logging.DirectJDKLog.log(DirectJDKLog.java:173) - Initializing ProtocolHandler ["http-nio-8080"]
[17:35:39:769] [INFO] - org.apache.juli.logging.DirectJDKLog.log(DirectJDKLog.java:173) - Starting service [Tomcat]
[17:35:39:770] [INFO] - org.apache.juli.logging.DirectJDKLog.log(DirectJDKLog.java:173) - Starting Servlet engine: [Apache Tomcat/10.1.5]
[17:35:39:852] [INFO] - org.apache.juli.logging.DirectJDKLog.log(DirectJDKLog.java:173) - Initializing Spring embedded WebApplicationContext
[17:35:39:853] [INFO] - org.springframework.boot.web.servlet.context.ServletWebServerApplicationContext.prepareWebApplicationContext(ServletWebServerApplicationContext.java:291) - Root WebApplicationContext: initialization completed in 1672 ms
[17:35:40:614] [INFO] - org.springframework.boot.devtools.autoconfigure.OptionalLiveReloadServer.startServer(OptionalLiveReloadServer.java:59) - LiveReload server is running on port 35729
[17:35:40:630] [INFO] - org.springframework.cloud.openfeign.FeignClientFactoryBean.getTarget(FeignClientFactoryBean.java:437) - For 'SMS' URL not provided. Will try picking an instance via load-balancing.
[17:35:40:631] [WARN] - org.springframework.context.support.AbstractApplicationContext.refresh(AbstractApplicationContext.java:592) - Exception encountered during context initialization - cancelling refresh attempt: org.springframework.beans.factory.UnsatisfiedDependencyException: Error creating bean with name 'userController' defined in file [C:\Users\xin\Desktop\jcx\petHospital\user\target\classes\cn\jingchenxi\user\controller\UserController.class]: Unsatisfied dependency expressed through constructor parameter 3: Error creating bean with name 'cn.jingchenxi.user.client.SMSClint': FactoryBean threw exception on object creation
[17:35:40:644] [INFO] - org.apache.juli.logging.DirectJDKLog.log(DirectJDKLog.java:173) - Stopping service [Tomcat]
[17:38:17:729] [INFO] - com.alibaba.nacos.client.env.SearchableProperties.sortPropertySourceDefaultOrder(SearchableProperties.java:197) - properties search order:PROPERTIES->JVM->ENV->DEFAULT_SETTING
[17:38:17:856] [INFO] - org.springframework.boot.StartupInfoLogger.logStarting(StartupInfoLogger.java:51) - Starting UserApplication using Java 17.0.5 with PID 13808 (C:\Users\xin\Desktop\jcx\petHospital\user\target\classes started by xin in C:\Users\xin\Desktop\jcx\petHospital)
[17:38:17:861] [INFO] - org.springframework.boot.SpringApplication.logStartupProfileInfo(SpringApplication.java:630) - No active profile set, falling back to 1 default profile: "default"
[17:38:17:912] [INFO] - org.springframework.boot.logging.DeferredLog.logTo(DeferredLog.java:250) - Devtools property defaults active! Set 'spring.devtools.add-properties' to 'false' to disable
[17:38:17:912] [INFO] - org.springframework.boot.logging.DeferredLog.logTo(DeferredLog.java:250) - For additional web related logging consider setting the 'logging.level.web' property to 'DEBUG'
[17:38:18:617] [INFO] - org.springframework.data.repository.config.RepositoryConfigurationDelegate.multipleStoresDetected(RepositoryConfigurationDelegate.java:291) - Multiple Spring Data modules found, entering strict repository configuration mode
[17:38:18:620] [INFO] - org.springframework.data.repository.config.RepositoryConfigurationDelegate.registerRepositoriesIn(RepositoryConfigurationDelegate.java:138) - Bootstrapping Spring Data Redis repositories in DEFAULT mode.
[17:38:18:649] [INFO] - org.springframework.data.repository.config.RepositoryConfigurationDelegate.registerRepositoriesIn(RepositoryConfigurationDelegate.java:208) - Finished Spring Data repository scanning in 7 ms. Found 0 Redis repository interfaces.
[17:38:18:880] [INFO] - org.springframework.cloud.context.scope.GenericScope.setSerializationId(GenericScope.java:282) - BeanFactory id=1caecbc2-9cab-3d55-9538-c80daaeb1551
[17:38:18:943] [INFO] - org.springframework.context.support.PostProcessorRegistrationDelegate$BeanPostProcessorChecker.postProcessAfterInitialization(PostProcessorRegistrationDelegate.java:409) - Bean 'cn.jingchenxi.user.client.sensitiveWordFilterClient' of type [org.springframework.cloud.openfeign.FeignClientFactoryBean] is not eligible for getting processed by all BeanPostProcessors (for example: not eligible for auto-proxying)
[17:38:18:945] [INFO] - org.springframework.context.support.PostProcessorRegistrationDelegate$BeanPostProcessorChecker.postProcessAfterInitialization(PostProcessorRegistrationDelegate.java:409) - Bean 'cn.jingchenxi.user.client.SMSClint' of type [org.springframework.cloud.openfeign.FeignClientFactoryBean] is not eligible for getting processed by all BeanPostProcessors (for example: not eligible for auto-proxying)
[17:38:19:491] [INFO] - org.springframework.boot.web.embedded.tomcat.TomcatWebServer.initialize(TomcatWebServer.java:108) - Tomcat initialized with port(s): 8080 (http)
[17:38:19:503] [INFO] - org.apache.juli.logging.DirectJDKLog.log(DirectJDKLog.java:173) - Initializing ProtocolHandler ["http-nio-8080"]
[17:38:19:506] [INFO] - org.apache.juli.logging.DirectJDKLog.log(DirectJDKLog.java:173) - Starting service [Tomcat]
[17:38:19:507] [INFO] - org.apache.juli.logging.DirectJDKLog.log(DirectJDKLog.java:173) - Starting Servlet engine: [Apache Tomcat/10.1.5]
[17:38:19:587] [INFO] - org.apache.juli.logging.DirectJDKLog.log(DirectJDKLog.java:173) - Initializing Spring embedded WebApplicationContext
[17:38:19:587] [INFO] - org.springframework.boot.web.servlet.context.ServletWebServerApplicationContext.prepareWebApplicationContext(ServletWebServerApplicationContext.java:291) - Root WebApplicationContext: initialization completed in 1674 ms
[17:38:20:355] [INFO] - org.springframework.boot.devtools.autoconfigure.OptionalLiveReloadServer.startServer(OptionalLiveReloadServer.java:59) - LiveReload server is running on port 35729
[17:38:20:370] [INFO] - org.springframework.cloud.openfeign.FeignClientFactoryBean.getTarget(FeignClientFactoryBean.java:437) - For 'SMS' URL not provided. Will try picking an instance via load-balancing.
[17:38:20:416] [INFO] - org.springframework.cloud.openfeign.FeignClientFactoryBean.getTarget(FeignClientFactoryBean.java:437) - For 'sensitiveWord' URL not provided. Will try picking an instance via load-balancing.
[17:38:21:191] [WARN] - org.springframework.cloud.loadbalancer.config.LoadBalancerCacheAutoConfiguration$LoadBalancerCaffeineWarnLogger.afterPropertiesSet(LoadBalancerCacheAutoConfiguration.java:94) - Spring Cloud LoadBalancer is currently working with the default cache. While this cache implementation is useful for development and tests, it's recommended to use Caffeine cache in production.You can switch to using Caffeine cache, by adding it and org.springframework.cache.caffeine.CaffeineCacheManager to the classpath.
[17:38:21:238] [INFO] - org.apache.juli.logging.DirectJDKLog.log(DirectJDKLog.java:173) - Starting ProtocolHandler ["http-nio-8080"]
[17:38:21:255] [INFO] - org.springframework.boot.web.embedded.tomcat.TomcatWebServer.start(TomcatWebServer.java:220) - Tomcat started on port(s): 8080 (http) with context path ''
[17:38:21:307] [INFO] - com.alibaba.nacos.plugin.auth.spi.client.ClientAuthPluginManager.init(ClientAuthPluginManager.java:56) - [ClientAuthPluginManager] Load ClientAuthService com.alibaba.nacos.client.auth.impl.NacosClientAuthServiceImpl success.
[17:38:21:307] [INFO] - com.alibaba.nacos.plugin.auth.spi.client.ClientAuthPluginManager.init(ClientAuthPluginManager.java:56) - [ClientAuthPluginManager] Load ClientAuthService com.alibaba.nacos.client.auth.ram.RamClientAuthServiceImpl success.
[17:38:22:344] [INFO] - com.alibaba.cloud.nacos.registry.NacosServiceRegistry.register(NacosServiceRegistry.java:76) - nacos registry, DEFAULT_GROUP user 192.168.0.107:8080 register finished
[17:38:22:451] [INFO] - org.springframework.boot.StartupInfoLogger.logStarted(StartupInfoLogger.java:57) - Started UserApplication in 5.285 seconds (process running for 6.687)
[17:38:53:013] [INFO] - org.apache.juli.logging.DirectJDKLog.log(DirectJDKLog.java:173) - Initializing Spring DispatcherServlet 'dispatcherServlet'
[17:38:53:013] [INFO] - org.springframework.web.servlet.FrameworkServlet.initServletBean(FrameworkServlet.java:532) - Initializing Servlet 'dispatcherServlet'
[17:38:53:015] [INFO] - org.springframework.web.servlet.FrameworkServlet.initServletBean(FrameworkServlet.java:554) - Completed initialization in 1 ms
[17:38:53:059] [WARN] - org.springframework.web.servlet.handler.AbstractHandlerExceptionResolver.logException(AbstractHandlerExceptionResolver.java:207) - Resolved [org.springframework.http.converter.HttpMessageNotReadableException: Required request body is missing: public void cn.jingchenxi.user.controller.UserController.setInfo(com.alibaba.fastjson.JSONObject)]
[17:39:29:445] [WARN] - com.alibaba.nacos.common.notify.NotifyCenter.shutdown(NotifyCenter.java:136) - [NotifyCenter] Start destroying Publisher
[17:39:29:445] [WARN] - com.alibaba.nacos.common.http.HttpClientBeanHolder.shutdown(HttpClientBeanHolder.java:102) - [HttpClientBeanHolder] Start destroying common HttpClient
[17:39:29:446] [WARN] - com.alibaba.nacos.common.notify.NotifyCenter.shutdown(NotifyCenter.java:153) - [NotifyCenter] Destruction of the end
[17:39:29:446] [WARN] - com.alibaba.nacos.common.http.HttpClientBeanHolder.shutdown(HttpClientBeanHolder.java:111) - [HttpClientBeanHolder] Destruction of the end
[17:39:29:476] [INFO] - com.alibaba.cloud.nacos.registry.NacosServiceRegistry.deregister(NacosServiceRegistry.java:95) - De-registering from Nacos Server now...
[17:39:29:523] [INFO] - com.alibaba.cloud.nacos.registry.NacosServiceRegistry.deregister(NacosServiceRegistry.java:115) - De-registration finished.
[19:43:38:272] [INFO] - com.alibaba.nacos.client.env.SearchableProperties.sortPropertySourceDefaultOrder(SearchableProperties.java:197) - properties search order:PROPERTIES->JVM->ENV->DEFAULT_SETTING
[19:43:38:369] [INFO] - org.springframework.boot.StartupInfoLogger.logStarting(StartupInfoLogger.java:51) - Starting UserApplication using Java 17.0.5 with PID 11596 (C:\Users\xin\Desktop\jcx\petHospital\user\target\classes started by xin in C:\Users\xin\Desktop\jcx\petHospital)
[19:43:38:372] [INFO] - org.springframework.boot.SpringApplication.logStartupProfileInfo(SpringApplication.java:630) - No active profile set, falling back to 1 default profile: "default"
[19:43:38:427] [INFO] - org.springframework.boot.logging.DeferredLog.logTo(DeferredLog.java:250) - Devtools property defaults active! Set 'spring.devtools.add-properties' to 'false' to disable
[19:43:38:427] [INFO] - org.springframework.boot.logging.DeferredLog.logTo(DeferredLog.java:250) - For additional web related logging consider setting the 'logging.level.web' property to 'DEBUG'
[19:43:39:029] [INFO] - org.springframework.data.repository.config.RepositoryConfigurationDelegate.multipleStoresDetected(RepositoryConfigurationDelegate.java:291) - Multiple Spring Data modules found, entering strict repository configuration mode
[19:43:39:032] [INFO] - org.springframework.data.repository.config.RepositoryConfigurationDelegate.registerRepositoriesIn(RepositoryConfigurationDelegate.java:138) - Bootstrapping Spring Data Redis repositories in DEFAULT mode.
[19:43:39:062] [INFO] - org.springframework.data.repository.config.RepositoryConfigurationDelegate.registerRepositoriesIn(RepositoryConfigurationDelegate.java:208) - Finished Spring Data repository scanning in 6 ms. Found 0 Redis repository interfaces.
[19:43:39:249] [INFO] - org.springframework.cloud.context.scope.GenericScope.setSerializationId(GenericScope.java:282) - BeanFactory id=1caecbc2-9cab-3d55-9538-c80daaeb1551
[19:43:39:306] [INFO] - org.springframework.context.support.PostProcessorRegistrationDelegate$BeanPostProcessorChecker.postProcessAfterInitialization(PostProcessorRegistrationDelegate.java:409) - Bean 'cn.jingchenxi.user.client.sensitiveWordFilterClient' of type [org.springframework.cloud.openfeign.FeignClientFactoryBean] is not eligible for getting processed by all BeanPostProcessors (for example: not eligible for auto-proxying)
[19:43:39:307] [INFO] - org.springframework.context.support.PostProcessorRegistrationDelegate$BeanPostProcessorChecker.postProcessAfterInitialization(PostProcessorRegistrationDelegate.java:409) - Bean 'cn.jingchenxi.user.client.SMSClint' of type [org.springframework.cloud.openfeign.FeignClientFactoryBean] is not eligible for getting processed by all BeanPostProcessors (for example: not eligible for auto-proxying)
[19:43:39:795] [INFO] - org.springframework.boot.web.embedded.tomcat.TomcatWebServer.initialize(TomcatWebServer.java:108) - Tomcat initialized with port(s): 8080 (http)
[19:43:39:803] [INFO] - org.apache.juli.logging.DirectJDKLog.log(DirectJDKLog.java:173) - Initializing ProtocolHandler ["http-nio-8080"]
[19:43:39:805] [INFO] - org.apache.juli.logging.DirectJDKLog.log(DirectJDKLog.java:173) - Starting service [Tomcat]
[19:43:39:805] [INFO] - org.apache.juli.logging.DirectJDKLog.log(DirectJDKLog.java:173) - Starting Servlet engine: [Apache Tomcat/10.1.5]
[19:43:39:880] [INFO] - org.apache.juli.logging.DirectJDKLog.log(DirectJDKLog.java:173) - Initializing Spring embedded WebApplicationContext
[19:43:39:881] [INFO] - org.springframework.boot.web.servlet.context.ServletWebServerApplicationContext.prepareWebApplicationContext(ServletWebServerApplicationContext.java:291) - Root WebApplicationContext: initialization completed in 1452 ms
[19:43:40:553] [INFO] - org.springframework.boot.devtools.autoconfigure.OptionalLiveReloadServer.startServer(OptionalLiveReloadServer.java:59) - LiveReload server is running on port 35729
[19:43:40:567] [INFO] - org.springframework.cloud.openfeign.FeignClientFactoryBean.getTarget(FeignClientFactoryBean.java:437) - For 'SMS' URL not provided. Will try picking an instance via load-balancing.
[19:43:40:603] [INFO] - org.springframework.cloud.openfeign.FeignClientFactoryBean.getTarget(FeignClientFactoryBean.java:437) - For 'sensitiveWord' URL not provided. Will try picking an instance via load-balancing.
[19:43:41:254] [WARN] - org.springframework.cloud.loadbalancer.config.LoadBalancerCacheAutoConfiguration$LoadBalancerCaffeineWarnLogger.afterPropertiesSet(LoadBalancerCacheAutoConfiguration.java:94) - Spring Cloud LoadBalancer is currently working with the default cache. While this cache implementation is useful for development and tests, it's recommended to use Caffeine cache in production.You can switch to using Caffeine cache, by adding it and org.springframework.cache.caffeine.CaffeineCacheManager to the classpath.
[19:43:41:292] [INFO] - org.apache.juli.logging.DirectJDKLog.log(DirectJDKLog.java:173) - Starting ProtocolHandler ["http-nio-8080"]
[19:43:41:305] [INFO] - org.springframework.boot.web.embedded.tomcat.TomcatWebServer.start(TomcatWebServer.java:220) - Tomcat started on port(s): 8080 (http) with context path ''
[19:43:41:348] [INFO] - com.alibaba.nacos.plugin.auth.spi.client.ClientAuthPluginManager.init(ClientAuthPluginManager.java:56) - [ClientAuthPluginManager] Load ClientAuthService com.alibaba.nacos.client.auth.impl.NacosClientAuthServiceImpl success.
[19:43:41:348] [INFO] - com.alibaba.nacos.plugin.auth.spi.client.ClientAuthPluginManager.init(ClientAuthPluginManager.java:56) - [ClientAuthPluginManager] Load ClientAuthService com.alibaba.nacos.client.auth.ram.RamClientAuthServiceImpl success.
[19:43:42:240] [INFO] - com.alibaba.cloud.nacos.registry.NacosServiceRegistry.register(NacosServiceRegistry.java:76) - nacos registry, DEFAULT_GROUP user 192.168.0.107:8080 register finished
[19:43:42:336] [INFO] - org.springframework.boot.StartupInfoLogger.logStarted(StartupInfoLogger.java:57) - Started UserApplication in 4.506 seconds (process running for 5.573)
[19:44:12:209] [INFO] - org.apache.juli.logging.DirectJDKLog.log(DirectJDKLog.java:173) - Initializing Spring DispatcherServlet 'dispatcherServlet'
[19:44:12:209] [INFO] - org.springframework.web.servlet.FrameworkServlet.initServletBean(FrameworkServlet.java:532) - Initializing Servlet 'dispatcherServlet'
[19:44:12:210] [INFO] - org.springframework.web.servlet.FrameworkServlet.initServletBean(FrameworkServlet.java:554) - Completed initialization in 1 ms
[19:44:12:252] [WARN] - org.springframework.web.servlet.handler.AbstractHandlerExceptionResolver.logException(AbstractHandlerExceptionResolver.java:207) - Resolved [org.springframework.http.converter.HttpMessageNotReadableException: Required request body is missing: public void cn.jingchenxi.user.controller.UserController.setInfo(com.alibaba.fastjson.JSONObject)]
[19:45:34:676] [WARN] - org.springframework.web.servlet.handler.AbstractHandlerExceptionResolver.logException(AbstractHandlerExceptionResolver.java:207) - Resolved [org.springframework.http.converter.HttpMessageNotReadableException: JSON parse error: syntax error : }]
[19:46:07:386] [WARN] - org.springframework.cloud.loadbalancer.core.ServiceInstanceListSupplierBuilder.lambda$withCaching$13(ServiceInstanceListSupplierBuilder.java:276) - LoadBalancerCacheManager not available, returning delegate without caching.
[20:19:09:795] [WARN] - com.alibaba.nacos.common.notify.NotifyCenter.shutdown(NotifyCenter.java:136) - [NotifyCenter] Start destroying Publisher
[20:19:09:795] [WARN] - com.alibaba.nacos.common.http.HttpClientBeanHolder.shutdown(HttpClientBeanHolder.java:102) - [HttpClientBeanHolder] Start destroying common HttpClient
[20:19:09:796] [WARN] - com.alibaba.nacos.common.notify.NotifyCenter.shutdown(NotifyCenter.java:153) - [NotifyCenter] Destruction of the end
[20:19:09:796] [WARN] - com.alibaba.nacos.common.http.HttpClientBeanHolder.shutdown(HttpClientBeanHolder.java:111) - [HttpClientBeanHolder] Destruction of the end
[20:19:09:834] [INFO] - com.alibaba.cloud.nacos.registry.NacosServiceRegistry.deregister(NacosServiceRegistry.java:95) - De-registering from Nacos Server now...
[20:19:09:875] [INFO] - com.alibaba.cloud.nacos.registry.NacosServiceRegistry.deregister(NacosServiceRegistry.java:115) - De-registration finished.
[20:59:19:811] [INFO] - com.alibaba.nacos.client.env.SearchableProperties.sortPropertySourceDefaultOrder(SearchableProperties.java:197) - properties search order:PROPERTIES->JVM->ENV->DEFAULT_SETTING
[20:59:19:938] [INFO] - org.springframework.boot.StartupInfoLogger.logStarting(StartupInfoLogger.java:51) - Starting UserApplication using Java 17.0.5 with PID 17304 (C:\Users\xin\Desktop\jcx\petHospital\user\target\classes started by xin in C:\Users\xin\Desktop\jcx\petHospital)
[20:59:19:941] [INFO] - org.springframework.boot.SpringApplication.logStartupProfileInfo(SpringApplication.java:630) - No active profile set, falling back to 1 default profile: "default"
[20:59:19:994] [INFO] - org.springframework.boot.logging.DeferredLog.logTo(DeferredLog.java:250) - Devtools property defaults active! Set 'spring.devtools.add-properties' to 'false' to disable
[20:59:19:994] [INFO] - org.springframework.boot.logging.DeferredLog.logTo(DeferredLog.java:250) - For additional web related logging consider setting the 'logging.level.web' property to 'DEBUG'
[20:59:20:741] [INFO] - org.springframework.data.repository.config.RepositoryConfigurationDelegate.multipleStoresDetected(RepositoryConfigurationDelegate.java:291) - Multiple Spring Data modules found, entering strict repository configuration mode
[20:59:20:744] [INFO] - org.springframework.data.repository.config.RepositoryConfigurationDelegate.registerRepositoriesIn(RepositoryConfigurationDelegate.java:138) - Bootstrapping Spring Data Redis repositories in DEFAULT mode.
[20:59:20:774] [INFO] - org.springframework.data.repository.config.RepositoryConfigurationDelegate.registerRepositoriesIn(RepositoryConfigurationDelegate.java:208) - Finished Spring Data repository scanning in 7 ms. Found 0 Redis repository interfaces.
[20:59:21:009] [INFO] - org.springframework.cloud.context.scope.GenericScope.setSerializationId(GenericScope.java:282) - BeanFactory id=1caecbc2-9cab-3d55-9538-c80daaeb1551
[20:59:21:077] [INFO] - org.springframework.context.support.PostProcessorRegistrationDelegate$BeanPostProcessorChecker.postProcessAfterInitialization(PostProcessorRegistrationDelegate.java:409) - Bean 'cn.jingchenxi.user.client.sensitiveWordFilterClient' of type [org.springframework.cloud.openfeign.FeignClientFactoryBean] is not eligible for getting processed by all BeanPostProcessors (for example: not eligible for auto-proxying)
[20:59:21:080] [INFO] - org.springframework.context.support.PostProcessorRegistrationDelegate$BeanPostProcessorChecker.postProcessAfterInitialization(PostProcessorRegistrationDelegate.java:409) - Bean 'cn.jingchenxi.user.client.SMSClint' of type [org.springframework.cloud.openfeign.FeignClientFactoryBean] is not eligible for getting processed by all BeanPostProcessors (for example: not eligible for auto-proxying)
[20:59:21:664] [INFO] - org.springframework.boot.web.embedded.tomcat.TomcatWebServer.initialize(TomcatWebServer.java:108) - Tomcat initialized with port(s): 8080 (http)
[20:59:21:676] [INFO] - org.apache.juli.logging.DirectJDKLog.log(DirectJDKLog.java:173) - Initializing ProtocolHandler ["http-nio-8080"]
[20:59:21:679] [INFO] - org.apache.juli.logging.DirectJDKLog.log(DirectJDKLog.java:173) - Starting service [Tomcat]
[20:59:21:680] [INFO] - org.apache.juli.logging.DirectJDKLog.log(DirectJDKLog.java:173) - Starting Servlet engine: [Apache Tomcat/10.1.5]
[20:59:21:766] [INFO] - org.apache.juli.logging.DirectJDKLog.log(DirectJDKLog.java:173) - Initializing Spring embedded WebApplicationContext
[20:59:21:767] [INFO] - org.springframework.boot.web.servlet.context.ServletWebServerApplicationContext.prepareWebApplicationContext(ServletWebServerApplicationContext.java:291) - Root WebApplicationContext: initialization completed in 1772 ms
[20:59:22:566] [INFO] - org.springframework.boot.devtools.autoconfigure.OptionalLiveReloadServer.startServer(OptionalLiveReloadServer.java:59) - LiveReload server is running on port 35729
[20:59:22:583] [INFO] - org.springframework.cloud.openfeign.FeignClientFactoryBean.getTarget(FeignClientFactoryBean.java:437) - For 'SMS' URL not provided. Will try picking an instance via load-balancing.
[20:59:22:634] [INFO] - org.springframework.cloud.openfeign.FeignClientFactoryBean.getTarget(FeignClientFactoryBean.java:437) - For 'sensitiveWord' URL not provided. Will try picking an instance via load-balancing.
[20:59:23:444] [WARN] - org.springframework.cloud.loadbalancer.config.LoadBalancerCacheAutoConfiguration$LoadBalancerCaffeineWarnLogger.afterPropertiesSet(LoadBalancerCacheAutoConfiguration.java:94) - Spring Cloud LoadBalancer is currently working with the default cache. While this cache implementation is useful for development and tests, it's recommended to use Caffeine cache in production.You can switch to using Caffeine cache, by adding it and org.springframework.cache.caffeine.CaffeineCacheManager to the classpath.
[20:59:23:493] [INFO] - org.apache.juli.logging.DirectJDKLog.log(DirectJDKLog.java:173) - Starting ProtocolHandler ["http-nio-8080"]
[20:59:23:512] [INFO] - org.springframework.boot.web.embedded.tomcat.TomcatWebServer.start(TomcatWebServer.java:220) - Tomcat started on port(s): 8080 (http) with context path ''
[20:59:23:568] [INFO] - com.alibaba.nacos.plugin.auth.spi.client.ClientAuthPluginManager.init(ClientAuthPluginManager.java:56) - [ClientAuthPluginManager] Load ClientAuthService com.alibaba.nacos.client.auth.impl.NacosClientAuthServiceImpl success.
[20:59:23:568] [INFO] - com.alibaba.nacos.plugin.auth.spi.client.ClientAuthPluginManager.init(ClientAuthPluginManager.java:56) - [ClientAuthPluginManager] Load ClientAuthService com.alibaba.nacos.client.auth.ram.RamClientAuthServiceImpl success.
[20:59:24:612] [INFO] - com.alibaba.cloud.nacos.registry.NacosServiceRegistry.register(NacosServiceRegistry.java:76) - nacos registry, DEFAULT_GROUP user 192.168.0.107:8080 register finished
[20:59:24:728] [INFO] - org.springframework.boot.StartupInfoLogger.logStarted(StartupInfoLogger.java:57) - Started UserApplication in 5.468 seconds (process running for 6.881)
[20:59:47:481] [INFO] - org.apache.juli.logging.DirectJDKLog.log(DirectJDKLog.java:173) - Initializing Spring DispatcherServlet 'dispatcherServlet'
[20:59:47:481] [INFO] - org.springframework.web.servlet.FrameworkServlet.initServletBean(FrameworkServlet.java:532) - Initializing Servlet 'dispatcherServlet'
[20:59:47:482] [INFO] - org.springframework.web.servlet.FrameworkServlet.initServletBean(FrameworkServlet.java:554) - Completed initialization in 1 ms
[20:59:47:507] [WARN] - org.springframework.web.servlet.handler.AbstractHandlerExceptionResolver.logException(AbstractHandlerExceptionResolver.java:207) - Resolved [org.springframework.http.converter.HttpMessageNotReadableException: Required request body is missing: public void cn.jingchenxi.user.controller.UserController.setInfo(com.alibaba.fastjson.JSONObject)]
[21:07:28:351] [WARN] - com.alibaba.nacos.common.notify.NotifyCenter.shutdown(NotifyCenter.java:136) - [NotifyCenter] Start destroying Publisher
[21:07:28:351] [WARN] - com.alibaba.nacos.common.http.HttpClientBeanHolder.shutdown(HttpClientBeanHolder.java:102) - [HttpClientBeanHolder] Start destroying common HttpClient
[21:07:28:351] [WARN] - com.alibaba.nacos.common.notify.NotifyCenter.shutdown(NotifyCenter.java:153) - [NotifyCenter] Destruction of the end
[21:07:28:352] [WARN] - com.alibaba.nacos.common.http.HttpClientBeanHolder.shutdown(HttpClientBeanHolder.java:111) - [HttpClientBeanHolder] Destruction of the end
[21:07:28:382] [INFO] - com.alibaba.cloud.nacos.registry.NacosServiceRegistry.deregister(NacosServiceRegistry.java:95) - De-registering from Nacos Server now...
[21:07:28:425] [INFO] - com.alibaba.cloud.nacos.registry.NacosServiceRegistry.deregister(NacosServiceRegistry.java:115) - De-registration finished.
[21:07:34:968] [INFO] - com.alibaba.nacos.client.env.SearchableProperties.sortPropertySourceDefaultOrder(SearchableProperties.java:197) - properties search order:PROPERTIES->JVM->ENV->DEFAULT_SETTING
[21:07:35:087] [INFO] - org.springframework.boot.StartupInfoLogger.logStarting(StartupInfoLogger.java:51) - Starting UserApplication using Java 17.0.5 with PID 1960 (C:\Users\xin\Desktop\jcx\petHospital\user\target\classes started by xin in C:\Users\xin\Desktop\jcx\petHospital)
[21:07:35:095] [INFO] - org.springframework.boot.SpringApplication.logStartupProfileInfo(SpringApplication.java:630) - No active profile set, falling back to 1 default profile: "default"
[21:07:35:149] [INFO] - org.springframework.boot.logging.DeferredLog.logTo(DeferredLog.java:250) - Devtools property defaults active! Set 'spring.devtools.add-properties' to 'false' to disable
[21:07:35:149] [INFO] - org.springframework.boot.logging.DeferredLog.logTo(DeferredLog.java:250) - For additional web related logging consider setting the 'logging.level.web' property to 'DEBUG'
[21:07:35:876] [INFO] - org.springframework.data.repository.config.RepositoryConfigurationDelegate.multipleStoresDetected(RepositoryConfigurationDelegate.java:291) - Multiple Spring Data modules found, entering strict repository configuration mode
[21:07:35:879] [INFO] - org.springframework.data.repository.config.RepositoryConfigurationDelegate.registerRepositoriesIn(RepositoryConfigurationDelegate.java:138) - Bootstrapping Spring Data Redis repositories in DEFAULT mode.
[21:07:35:908] [INFO] - org.springframework.data.repository.config.RepositoryConfigurationDelegate.registerRepositoriesIn(RepositoryConfigurationDelegate.java:208) - Finished Spring Data repository scanning in 6 ms. Found 0 Redis repository interfaces.
[21:07:36:105] [INFO] - org.springframework.cloud.context.scope.GenericScope.setSerializationId(GenericScope.java:282) - BeanFactory id=62f919f2-2ba8-3753-b2b4-5fd10f6787bd
[21:07:36:172] [INFO] - org.springframework.context.support.PostProcessorRegistrationDelegate$BeanPostProcessorChecker.postProcessAfterInitialization(PostProcessorRegistrationDelegate.java:409) - Bean 'cn.jingchenxi.user.client.sensitiveWordFilterClient' of type [org.springframework.cloud.openfeign.FeignClientFactoryBean] is not eligible for getting processed by all BeanPostProcessors (for example: not eligible for auto-proxying)
[21:07:36:174] [INFO] - org.springframework.context.support.PostProcessorRegistrationDelegate$BeanPostProcessorChecker.postProcessAfterInitialization(PostProcessorRegistrationDelegate.java:409) - Bean 'cn.jingchenxi.user.client.SMSClint' of type [org.springframework.cloud.openfeign.FeignClientFactoryBean] is not eligible for getting processed by all BeanPostProcessors (for example: not eligible for auto-proxying)
[21:07:36:734] [INFO] - org.springframework.boot.web.embedded.tomcat.TomcatWebServer.initialize(TomcatWebServer.java:108) - Tomcat initialized with port(s): 8080 (http)
[21:07:36:746] [INFO] - org.apache.juli.logging.DirectJDKLog.log(DirectJDKLog.java:173) - Initializing ProtocolHandler ["http-nio-8080"]
[21:07:36:751] [INFO] - org.apache.juli.logging.DirectJDKLog.log(DirectJDKLog.java:173) - Starting service [Tomcat]
[21:07:36:751] [INFO] - org.apache.juli.logging.DirectJDKLog.log(DirectJDKLog.java:173) - Starting Servlet engine: [Apache Tomcat/10.1.5]
[21:07:36:836] [INFO] - org.apache.juli.logging.DirectJDKLog.log(DirectJDKLog.java:173) - Initializing Spring embedded WebApplicationContext
[21:07:36:836] [INFO] - org.springframework.boot.web.servlet.context.ServletWebServerApplicationContext.prepareWebApplicationContext(ServletWebServerApplicationContext.java:291) - Root WebApplicationContext: initialization completed in 1686 ms
[21:07:37:596] [INFO] - org.springframework.boot.devtools.autoconfigure.OptionalLiveReloadServer.startServer(OptionalLiveReloadServer.java:59) - LiveReload server is running on port 35729
[21:07:37:611] [INFO] - org.springframework.cloud.openfeign.FeignClientFactoryBean.getTarget(FeignClientFactoryBean.java:437) - For 'SMS' URL not provided. Will try picking an instance via load-balancing.
[21:07:37:612] [WARN] - org.springframework.context.support.AbstractApplicationContext.refresh(AbstractApplicationContext.java:592) - Exception encountered during context initialization - cancelling refresh attempt: org.springframework.beans.factory.UnsatisfiedDependencyException: Error creating bean with name 'userController' defined in file [C:\Users\xin\Desktop\jcx\petHospital\user\target\classes\cn\jingchenxi\user\controller\UserController.class]: Unsatisfied dependency expressed through constructor parameter 3: Error creating bean with name 'cn.jingchenxi.user.client.SMSClint': FactoryBean threw exception on object creation
[21:07:37:625] [INFO] - org.apache.juli.logging.DirectJDKLog.log(DirectJDKLog.java:173) - Stopping service [Tomcat]
[21:09:10:059] [INFO] - com.alibaba.nacos.client.env.SearchableProperties.sortPropertySourceDefaultOrder(SearchableProperties.java:197) - properties search order:PROPERTIES->JVM->ENV->DEFAULT_SETTING
[21:09:10:245] [INFO] - org.springframework.boot.StartupInfoLogger.logStarting(StartupInfoLogger.java:51) - Starting UserApplication using Java 17.0.5 with PID 14044 (C:\Users\xin\Desktop\jcx\petHospital\user\target\classes started by xin in C:\Users\xin\Desktop\jcx\petHospital)
[21:09:10:250] [INFO] - org.springframework.boot.SpringApplication.logStartupProfileInfo(SpringApplication.java:630) - No active profile set, falling back to 1 default profile: "default"
[21:09:10:335] [INFO] - org.springframework.boot.logging.DeferredLog.logTo(DeferredLog.java:250) - Devtools property defaults active! Set 'spring.devtools.add-properties' to 'false' to disable
[21:09:10:336] [INFO] - org.springframework.boot.logging.DeferredLog.logTo(DeferredLog.java:250) - For additional web related logging consider setting the 'logging.level.web' property to 'DEBUG'
[21:09:11:516] [INFO] - org.springframework.data.repository.config.RepositoryConfigurationDelegate.multipleStoresDetected(RepositoryConfigurationDelegate.java:291) - Multiple Spring Data modules found, entering strict repository configuration mode
[21:09:11:522] [INFO] - org.springframework.data.repository.config.RepositoryConfigurationDelegate.registerRepositoriesIn(RepositoryConfigurationDelegate.java:138) - Bootstrapping Spring Data Redis repositories in DEFAULT mode.
[21:09:11:568] [INFO] - org.springframework.data.repository.config.RepositoryConfigurationDelegate.registerRepositoriesIn(RepositoryConfigurationDelegate.java:208) - Finished Spring Data repository scanning in 12 ms. Found 0 Redis repository interfaces.
[21:09:11:972] [INFO] - org.springframework.cloud.context.scope.GenericScope.setSerializationId(GenericScope.java:282) - BeanFactory id=1caecbc2-9cab-3d55-9538-c80daaeb1551
[21:09:12:082] [INFO] - org.springframework.context.support.PostProcessorRegistrationDelegate$BeanPostProcessorChecker.postProcessAfterInitialization(PostProcessorRegistrationDelegate.java:409) - Bean 'cn.jingchenxi.user.client.sensitiveWordFilterClient' of type [org.springframework.cloud.openfeign.FeignClientFactoryBean] is not eligible for getting processed by all BeanPostProcessors (for example: not eligible for auto-proxying)
[21:09:12:085] [INFO] - org.springframework.context.support.PostProcessorRegistrationDelegate$BeanPostProcessorChecker.postProcessAfterInitialization(PostProcessorRegistrationDelegate.java:409) - Bean 'cn.jingchenxi.user.client.SMSClint' of type [org.springframework.cloud.openfeign.FeignClientFactoryBean] is not eligible for getting processed by all BeanPostProcessors (for example: not eligible for auto-proxying)
[21:09:13:091] [INFO] - org.springframework.boot.web.embedded.tomcat.TomcatWebServer.initialize(TomcatWebServer.java:108) - Tomcat initialized with port(s): 8080 (http)
[21:09:13:108] [INFO] - org.apache.juli.logging.DirectJDKLog.log(DirectJDKLog.java:173) - Initializing ProtocolHandler ["http-nio-8080"]
[21:09:13:112] [INFO] - org.apache.juli.logging.DirectJDKLog.log(DirectJDKLog.java:173) - Starting service [Tomcat]
[21:09:13:113] [INFO] - org.apache.juli.logging.DirectJDKLog.log(DirectJDKLog.java:173) - Starting Servlet engine: [Apache Tomcat/10.1.5]
[21:09:13:270] [INFO] - org.apache.juli.logging.DirectJDKLog.log(DirectJDKLog.java:173) - Initializing Spring embedded WebApplicationContext
[21:09:13:271] [INFO] - org.springframework.boot.web.servlet.context.ServletWebServerApplicationContext.prepareWebApplicationContext(ServletWebServerApplicationContext.java:291) - Root WebApplicationContext: initialization completed in 2934 ms
[21:09:14:459] [INFO] - org.springframework.boot.devtools.autoconfigure.OptionalLiveReloadServer.startServer(OptionalLiveReloadServer.java:59) - LiveReload server is running on port 35729
[21:09:14:480] [INFO] - org.springframework.cloud.openfeign.FeignClientFactoryBean.getTarget(FeignClientFactoryBean.java:437) - For 'SMS' URL not provided. Will try picking an instance via load-balancing.
[21:09:14:550] [INFO] - org.springframework.cloud.openfeign.FeignClientFactoryBean.getTarget(FeignClientFactoryBean.java:437) - For 'sensitiveWord' URL not provided. Will try picking an instance via load-balancing.
[21:09:15:605] [WARN] - org.springframework.cloud.loadbalancer.config.LoadBalancerCacheAutoConfiguration$LoadBalancerCaffeineWarnLogger.afterPropertiesSet(LoadBalancerCacheAutoConfiguration.java:94) - Spring Cloud LoadBalancer is currently working with the default cache. While this cache implementation is useful for development and tests, it's recommended to use Caffeine cache in production.You can switch to using Caffeine cache, by adding it and org.springframework.cache.caffeine.CaffeineCacheManager to the classpath.
[21:09:15:668] [INFO] - org.apache.juli.logging.DirectJDKLog.log(DirectJDKLog.java:173) - Starting ProtocolHandler ["http-nio-8080"]
[21:09:15:689] [INFO] - org.springframework.boot.web.embedded.tomcat.TomcatWebServer.start(TomcatWebServer.java:220) - Tomcat started on port(s): 8080 (http) with context path ''
[21:09:15:756] [INFO] - com.alibaba.nacos.plugin.auth.spi.client.ClientAuthPluginManager.init(ClientAuthPluginManager.java:56) - [ClientAuthPluginManager] Load ClientAuthService com.alibaba.nacos.client.auth.impl.NacosClientAuthServiceImpl success.
[21:09:15:756] [INFO] - com.alibaba.nacos.plugin.auth.spi.client.ClientAuthPluginManager.init(ClientAuthPluginManager.java:56) - [ClientAuthPluginManager] Load ClientAuthService com.alibaba.nacos.client.auth.ram.RamClientAuthServiceImpl success.
[21:09:16:962] [INFO] - com.alibaba.cloud.nacos.registry.NacosServiceRegistry.register(NacosServiceRegistry.java:76) - nacos registry, DEFAULT_GROUP user 192.168.0.107:8080 register finished
[21:09:17:116] [INFO] - org.springframework.boot.StartupInfoLogger.logStarted(StartupInfoLogger.java:57) - Started UserApplication in 7.739 seconds (process running for 9.508)
[21:09:25:137] [INFO] - org.apache.juli.logging.DirectJDKLog.log(DirectJDKLog.java:173) - Initializing Spring DispatcherServlet 'dispatcherServlet'
[21:09:25:137] [INFO] - org.springframework.web.servlet.FrameworkServlet.initServletBean(FrameworkServlet.java:532) - Initializing Servlet 'dispatcherServlet'
[21:09:25:138] [INFO] - org.springframework.web.servlet.FrameworkServlet.initServletBean(FrameworkServlet.java:554) - Completed initialization in 1 ms
[21:09:33:119] [WARN] - com.alibaba.nacos.common.http.HttpClientBeanHolder.shutdown(HttpClientBeanHolder.java:102) - [HttpClientBeanHolder] Start destroying common HttpClient
[21:09:33:119] [WARN] - com.alibaba.nacos.common.notify.NotifyCenter.shutdown(NotifyCenter.java:136) - [NotifyCenter] Start destroying Publisher
[21:09:33:119] [WARN] - com.alibaba.nacos.common.notify.NotifyCenter.shutdown(NotifyCenter.java:153) - [NotifyCenter] Destruction of the end
[21:09:33:119] [WARN] - com.alibaba.nacos.common.http.HttpClientBeanHolder.shutdown(HttpClientBeanHolder.java:111) - [HttpClientBeanHolder] Destruction of the end
[21:09:33:149] [INFO] - com.alibaba.cloud.nacos.registry.NacosServiceRegistry.deregister(NacosServiceRegistry.java:95) - De-registering from Nacos Server now...
[21:09:33:191] [INFO] - com.alibaba.cloud.nacos.registry.NacosServiceRegistry.deregister(NacosServiceRegistry.java:115) - De-registration finished.
[21:10:13:737] [INFO] - com.alibaba.nacos.client.env.SearchableProperties.sortPropertySourceDefaultOrder(SearchableProperties.java:197) - properties search order:PROPERTIES->JVM->ENV->DEFAULT_SETTING
[21:10:13:909] [INFO] - org.springframework.boot.StartupInfoLogger.logStarting(StartupInfoLogger.java:51) - Starting UserApplication using Java 17.0.5 with PID 22184 (C:\Users\xin\Desktop\jcx\petHospital\user\target\classes started by xin in C:\Users\xin\Desktop\jcx\petHospital)
[21:10:13:913] [INFO] - org.springframework.boot.SpringApplication.logStartupProfileInfo(SpringApplication.java:630) - No active profile set, falling back to 1 default profile: "default"
[21:10:13:981] [INFO] - org.springframework.boot.logging.DeferredLog.logTo(DeferredLog.java:250) - Devtools property defaults active! Set 'spring.devtools.add-properties' to 'false' to disable
[21:10:13:981] [INFO] - org.springframework.boot.logging.DeferredLog.logTo(DeferredLog.java:250) - For additional web related logging consider setting the 'logging.level.web' property to 'DEBUG'
[21:10:15:031] [INFO] - org.springframework.data.repository.config.RepositoryConfigurationDelegate.multipleStoresDetected(RepositoryConfigurationDelegate.java:291) - Multiple Spring Data modules found, entering strict repository configuration mode
[21:10:15:035] [INFO] - org.springframework.data.repository.config.RepositoryConfigurationDelegate.registerRepositoriesIn(RepositoryConfigurationDelegate.java:138) - Bootstrapping Spring Data Redis repositories in DEFAULT mode.
[21:10:15:086] [INFO] - org.springframework.data.repository.config.RepositoryConfigurationDelegate.registerRepositoriesIn(RepositoryConfigurationDelegate.java:208) - Finished Spring Data repository scanning in 13 ms. Found 0 Redis repository interfaces.
[21:10:15:596] [INFO] - org.springframework.cloud.context.scope.GenericScope.setSerializationId(GenericScope.java:282) - BeanFactory id=1caecbc2-9cab-3d55-9538-c80daaeb1551
[21:10:15:733] [INFO] - org.springframework.context.support.PostProcessorRegistrationDelegate$BeanPostProcessorChecker.postProcessAfterInitialization(PostProcessorRegistrationDelegate.java:409) - Bean 'cn.jingchenxi.user.client.sensitiveWordFilterClient' of type [org.springframework.cloud.openfeign.FeignClientFactoryBean] is not eligible for getting processed by all BeanPostProcessors (for example: not eligible for auto-proxying)
[21:10:15:736] [INFO] - org.springframework.context.support.PostProcessorRegistrationDelegate$BeanPostProcessorChecker.postProcessAfterInitialization(PostProcessorRegistrationDelegate.java:409) - Bean 'cn.jingchenxi.user.client.SMSClint' of type [org.springframework.cloud.openfeign.FeignClientFactoryBean] is not eligible for getting processed by all BeanPostProcessors (for example: not eligible for auto-proxying)
[21:10:16:776] [INFO] - org.springframework.boot.web.embedded.tomcat.TomcatWebServer.initialize(TomcatWebServer.java:108) - Tomcat initialized with port(s): 8080 (http)
[21:10:16:798] [INFO] - org.apache.juli.logging.DirectJDKLog.log(DirectJDKLog.java:173) - Initializing ProtocolHandler ["http-nio-8080"]
[21:10:16:803] [INFO] - org.apache.juli.logging.DirectJDKLog.log(DirectJDKLog.java:173) - Starting service [Tomcat]
[21:10:16:803] [INFO] - org.apache.juli.logging.DirectJDKLog.log(DirectJDKLog.java:173) - Starting Servlet engine: [Apache Tomcat/10.1.5]
[21:10:16:953] [INFO] - org.apache.juli.logging.DirectJDKLog.log(DirectJDKLog.java:173) - Initializing Spring embedded WebApplicationContext
[21:10:16:954] [INFO] - org.springframework.boot.web.servlet.context.ServletWebServerApplicationContext.prepareWebApplicationContext(ServletWebServerApplicationContext.java:291) - Root WebApplicationContext: initialization completed in 2972 ms
[21:10:18:060] [INFO] - org.springframework.boot.devtools.autoconfigure.OptionalLiveReloadServer.startServer(OptionalLiveReloadServer.java:59) - LiveReload server is running on port 35729
[21:10:18:087] [INFO] - org.springframework.cloud.openfeign.FeignClientFactoryBean.getTarget(FeignClientFactoryBean.java:437) - For 'SMS' URL not provided. Will try picking an instance via load-balancing.
[21:10:18:151] [INFO] - org.springframework.cloud.openfeign.FeignClientFactoryBean.getTarget(FeignClientFactoryBean.java:437) - For 'sensitiveWord' URL not provided. Will try picking an instance via load-balancing.
[21:10:19:115] [WARN] - org.springframework.cloud.loadbalancer.config.LoadBalancerCacheAutoConfiguration$LoadBalancerCaffeineWarnLogger.afterPropertiesSet(LoadBalancerCacheAutoConfiguration.java:94) - Spring Cloud LoadBalancer is currently working with the default cache. While this cache implementation is useful for development and tests, it's recommended to use Caffeine cache in production.You can switch to using Caffeine cache, by adding it and org.springframework.cache.caffeine.CaffeineCacheManager to the classpath.
[21:10:19:173] [INFO] - org.apache.juli.logging.DirectJDKLog.log(DirectJDKLog.java:173) - Starting ProtocolHandler ["http-nio-8080"]
[21:10:19:195] [INFO] - org.springframework.boot.web.embedded.tomcat.TomcatWebServer.start(TomcatWebServer.java:220) - Tomcat started on port(s): 8080 (http) with context path ''
[21:10:19:252] [INFO] - com.alibaba.nacos.plugin.auth.spi.client.ClientAuthPluginManager.init(ClientAuthPluginManager.java:56) - [ClientAuthPluginManager] Load ClientAuthService com.alibaba.nacos.client.auth.impl.NacosClientAuthServiceImpl success.
[21:10:19:252] [INFO] - com.alibaba.nacos.plugin.auth.spi.client.ClientAuthPluginManager.init(ClientAuthPluginManager.java:56) - [ClientAuthPluginManager] Load ClientAuthService com.alibaba.nacos.client.auth.ram.RamClientAuthServiceImpl success.
[21:10:20:425] [INFO] - com.alibaba.cloud.nacos.registry.NacosServiceRegistry.register(NacosServiceRegistry.java:76) - nacos registry, DEFAULT_GROUP user 192.168.0.107:8080 register finished
[21:10:20:568] [INFO] - org.springframework.boot.StartupInfoLogger.logStarted(StartupInfoLogger.java:57) - Started UserApplication in 7.561 seconds (process running for 8.953)
[21:10:28:217] [INFO] - org.apache.juli.logging.DirectJDKLog.log(DirectJDKLog.java:173) - Initializing Spring DispatcherServlet 'dispatcherServlet'
[21:10:28:217] [INFO] - org.springframework.web.servlet.FrameworkServlet.initServletBean(FrameworkServlet.java:532) - Initializing Servlet 'dispatcherServlet'
[21:10:28:218] [INFO] - org.springframework.web.servlet.FrameworkServlet.initServletBean(FrameworkServlet.java:554) - Completed initialization in 1 ms
[21:15:27:502] [INFO] - com.zaxxer.hikari.HikariDataSource.getConnection(HikariDataSource.java:110) - HikariPool-1 - Starting...
[21:15:27:893] [INFO] - com.zaxxer.hikari.pool.HikariPool.checkFailFast(HikariPool.java:565) - HikariPool-1 - Added connection com.p6spy.engine.wrapper.ConnectionWrapper@61d3a7ad
[21:15:27:895] [INFO] - com.zaxxer.hikari.HikariDataSource.getConnection(HikariDataSource.java:123) - HikariPool-1 - Start completed.
